c:\vsrepos\metaphyisca\output\intermediates\debug\vc143.pdb
c:\vsrepos\metaphyisca\output\intermediates\debug\vc143.idb
c:\vsrepos\metaphyisca\output\intermediates\debug\main.obj
c:\vsrepos\metaphyisca\output\intermediates\debug\imgui_widgets.obj
c:\vsrepos\metaphyisca\output\intermediates\debug\imgui_tables.obj
c:\vsrepos\metaphyisca\output\intermediates\debug\imgui_impl_glfw.obj
c:\vsrepos\metaphyisca\output\intermediates\debug\imgui_draw.obj
c:\vsrepos\metaphyisca\output\intermediates\debug\imgui.obj
c:\vsrepos\metaphyisca\output\intermediates\debug\imgui_impl_opengl3.obj
c:\vsrepos\metaphyisca\output\intermediates\debug\camera.obj
c:\vsrepos\metaphyisca\output\intermediates\debug\root.obj
c:\vsrepos\metaphyisca\output\intermediates\debug\gldebug.obj
c:\vsrepos\metaphyisca\output\intermediates\debug\window.obj
c:\vsrepos\metaphyisca\output\intermediates\debug\gui.obj
c:\vsrepos\metaphyisca\output\intermediates\debug\engine.obj
c:\vsrepos\metaphyisca\output\intermediates\debug\renderer.obj
c:\vsrepos\metaphyisca\output\intermediates\debug\material.obj
c:\vsrepos\metaphyisca\output\intermediates\debug\viewport.obj
c:\vsrepos\metaphyisca\output\intermediates\debug\scene.obj
c:\vsrepos\metaphyisca\output\intermediates\debug\contentbrowser.obj
c:\vsrepos\metaphyisca\output\intermediates\debug\shapes.obj
c:\vsrepos\metaphyisca\output\binaries\debug\engine.exe
c:\vsrepos\metaphyisca\output\intermediates\debug\engine.ilk
c:\vsrepos\metaphyisca\output\binaries\debug\engine.pdb
c:\vsrepos\metaphyisca\output\intermediates\debug\circle.obj
c:\vsrepos\metaphyisca\output\intermediates\debug\engine.vcxproj.filelistabsolute.txt
c:\vsrepos\metaphyisca\output\intermediates\debug\engine.tlog\cl.command.1.tlog
c:\vsrepos\metaphyisca\output\intermediates\debug\engine.tlog\cl.read.1.tlog
c:\vsrepos\metaphyisca\output\intermediates\debug\engine.tlog\cl.write.1.tlog
c:\vsrepos\metaphyisca\output\intermediates\debug\engine.tlog\link.command.1.tlog
c:\vsrepos\metaphyisca\output\intermediates\debug\engine.tlog\link.read.1.tlog
c:\vsrepos\metaphyisca\output\intermediates\debug\engine.tlog\link.write.1.tlog
